This is debug from the logger: Hello World
This is info from the logger: Hello World
This is warning from the logger: Hello World
This is error from the logger: Hello World
This is fatal from the logger: Hello World!
This is debug from the logger: Hello World!
This is info from the logger: Hello World!
This is warning from the logger: Hello World!
This is error from the logger: Hello World!
This is fatal from the logger: Hello World!
This is debug from the logger: Hello World!
This is info from the logger: Hello World!
This is warning from the logger: Hello World!
This is error from the logger: Hello World!
This is fatal from the logger: Hello World!
This is debug from the logger: Hello World!
This is info from the logger: Hello World!
This is warning from the logger: Hello World!
This is error from the logger: Hello World!
This is fatal from the logger: Hello World!
